<?xml version="1.0" encoding="UTF-8"?>
<!-- Generated by org.testng.reporters.JUnitReportReporter -->
<testsuite name="testDropdown" tests="1" time="18.793" ignored="0" failures="0" timestamp="11 Apr 2017 23:15:05 GMT" skipped="0" hostname="Sweetie-Win10" errors="0">
  <testcase name="validateDropDowns" time="18.793" classname="testDropdown"/>
</testsuite> <!-- testDropdown -->
