<?xml version="1.0" encoding="UTF-8"?>
<!-- Generated by org.testng.reporters.JUnitReportReporter -->
<testsuite name="testcases.HomePageTests" tests="2" time="45.108" ignored="0" failures="0" timestamp="12 Apr 2017 22:14:27 GMT" skipped="0" hostname="Sweetie-Win10" errors="0">
  <testcase name="testSearchBoxFunctionality" time="23.139" classname="testcases.HomePageTests"/>
  <testcase name="testTrackOrdersFunctionality" time="21.969" classname="testcases.HomePageTests"/>
</testsuite> <!-- testcases.HomePageTests -->
