<?xml version="1.0" encoding="UTF-8"?>
<!-- Generated by org.testng.reporters.JUnitReportReporter -->
<testsuite skipped="0" hostname="Sweetie-Win10" name="Framework.InvokeFirefox" tests="1" failures="0" timestamp="11 Apr 2017 19:30:11 GMT" time="44.130" errors="0">
  <testcase name="RunTest" time="44.130" classname="Framework.InvokeFirefox"/>
</testsuite> <!-- Framework.InvokeFirefox -->
