<?xml version="1.0" encoding="UTF-8"?>
<!-- Generated by org.testng.reporters.JUnitReportReporter -->
<testsuite skipped="0" hostname="Sweetie-Win10" name="Framework.AppTest" tests="3" failures="0" timestamp="11 Apr 2017 03:34:59 GMT" time="0.021" errors="0">
  <testcase name="TestMethod1" time="0.011" classname="Framework.AppTest"/>
  <testcase name="TestMethod3" time="0.005" classname="Framework.AppTest"/>
  <testcase name="TestMethod2" time="0.005" classname="Framework.AppTest"/>
</testsuite> <!-- Framework.AppTest -->
