<?xml version="1.0" encoding="UTF-8"?>
<!-- Generated by org.testng.reporters.JUnitReportReporter -->
<testsuite name="testNG.Test1" tests="1" time="5.003" ignored="2" failures="0" timestamp="10 Apr 2017 22:55:02 GMT" skipped="0" hostname="Sweetie-Win10" errors="0">
  <testcase name="Login" time="5.003" classname="testNG.Test1"/>
  <testcase name="displayStudentProfile" classname="testNG.DataDrivenTest_2">
    <skipped/>
  </testcase> <!-- displayStudentProfile -->
  <testcase name="TestMethod7" classname="testNG.DependencyAnnotations">
    <skipped/>
  </testcase> <!-- TestMethod7 -->
</testsuite> <!-- testNG.Test1 -->
