<?xml version="1.0" encoding="UTF-8"?>
<!-- Generated by org.testng.reporters.JUnitReportReporter -->
<testsuite name="testNG.DependencyAnnotations" tests="3" time="0.011" ignored="2" failures="0" timestamp="10 Apr 2017 22:55:02 GMT" skipped="0" hostname="Sweetie-Win10" errors="0">
  <testcase name="TestMethod4" time="0.000" classname="testNG.DependencyAnnotations"/>
  <testcase name="TestMethod6" time="0.000" classname="testNG.DependencyAnnotations"/>
  <testcase name="TestMethod5" time="0.011" classname="testNG.DependencyAnnotations"/>
  <testcase name="displayStudentProfile" classname="testNG.DataDrivenTest_2">
    <skipped/>
  </testcase> <!-- displayStudentProfile -->
  <testcase name="TestMethod7" classname="testNG.DependencyAnnotations">
    <skipped/>
  </testcase> <!-- TestMethod7 -->
</testsuite> <!-- testNG.DependencyAnnotations -->
