<?xml version="1.0" encoding="UTF-8"?>
<!-- Generated by org.testng.reporters.JUnitReportReporter -->
<testsuite name="testNG.DataDrivenTest_1" tests="3" time="0.000" ignored="2" failures="0" timestamp="10 Apr 2017 22:55:02 GMT" skipped="0" hostname="Sweetie-Win10" errors="0">
  <testcase name="displayStudentProfile" time="0.000" classname="testNG.DataDrivenTest_1"/>
  <testcase name="displayStudentProfile" time="0.000" classname="testNG.DataDrivenTest_1"/>
  <testcase name="displayStudentProfile" time="0.000" classname="testNG.DataDrivenTest_1"/>
  <testcase name="displayStudentProfile" classname="testNG.DataDrivenTest_2">
    <skipped/>
  </testcase> <!-- displayStudentProfile -->
  <testcase name="TestMethod7" classname="testNG.DependencyAnnotations">
    <skipped/>
  </testcase> <!-- TestMethod7 -->
</testsuite> <!-- testNG.DataDrivenTest_1 -->
