<?xml version="1.0" encoding="UTF-8"?>
<!-- Generated by org.testng.reporters.JUnitReportReporter -->
<testsuite skipped="0" hostname="Sweetie-Win10" name="testNG.DataDrivenTest_2" tests="1" failures="0" timestamp="10 Apr 2017 01:56:37 GMT" time="0.027" errors="0">
  <testcase name="displayStudentProfile" time="0.027" classname="testNG.DataDrivenTest_2"/>
</testsuite> <!-- testNG.DataDrivenTest_2 -->
