<?xml version="1.0" encoding="UTF-8"?>
<!-- Generated by org.testng.reporters.JUnitReportReporter -->
<testsuite name="testNG.Annotations_2" tests="4" time="0.002" ignored="2" failures="0" timestamp="10 Apr 2017 22:55:02 GMT" skipped="0" hostname="Sweetie-Win10" errors="0">
  <testcase name="TestMethod9" time="0.001" classname="testNG.Annotations_2"/>
  <testcase name="TestMethod10" time="0.000" classname="testNG.Annotations_2"/>
  <testcase name="TestMethod11" time="0.001" classname="testNG.Annotations_2"/>
  <testcase name="TestMethod8" time="0.000" classname="testNG.Annotations_2"/>
  <testcase name="displayStudentProfile" classname="testNG.DataDrivenTest_2">
    <skipped/>
  </testcase> <!-- displayStudentProfile -->
  <testcase name="TestMethod7" classname="testNG.DependencyAnnotations">
    <skipped/>
  </testcase> <!-- TestMethod7 -->
</testsuite> <!-- testNG.Annotations_2 -->
