<?xml version="1.0" encoding="UTF-8"?>
<!-- Generated by org.testng.reporters.JUnitReportReporter -->
<testsuite skipped="0" hostname="Sweetie-Win10" name="testNG.DataDrivenTest" tests="3" failures="0" timestamp="09 Apr 2017 10:33:31 GMT" time="0.022" errors="0">
  <testcase name="displayStudentProfile" time="0.002" classname="testNG.DataDrivenTest"/>
  <testcase name="displayStudentProfile" time="0.017" classname="testNG.DataDrivenTest"/>
  <testcase name="displayStudentProfile" time="0.003" classname="testNG.DataDrivenTest"/>
</testsuite> <!-- testNG.DataDrivenTest -->
