<?xml version="1.0" encoding="UTF-8"?>
<!-- Generated by org.testng.reporters.JUnitReportReporter -->
<testsuite hostname="Sweetie-Win10" name="Framework.AppTest" tests="3" failures="0" timestamp="11 Apr 2017 03:52:06 GMT" time="0.015" errors="0">
  <testcase name="TestMethod2" time="0.003" classname="Framework.AppTest"/>
  <testcase name="TestMethod1" time="0.003" classname="Framework.AppTest"/>
  <testcase name="TestMethod3" time="0.009" classname="Framework.AppTest"/>
</testsuite> <!-- Framework.AppTest -->
