<?xml version="1.0" encoding="UTF-8"?>
<!-- Generated by org.testng.reporters.JUnitReportReporter -->
<testsuite name="testcases.HomePageTests" tests="1" time="27.631" ignored="1" failures="0" timestamp="25 Apr 2017 23:49:12 GMT" skipped="0" hostname="Sweetie-Win10" errors="0">
  <testcase name="testTrackOrdersFunctionality" time="27.631" classname="testcases.HomePageTests"/>
  <testcase name="testSearchBoxFunctionality" classname="testcases.HomePageTests">
    <skipped/>
  </testcase> <!-- testSearchBoxFunctionality -->
</testsuite> <!-- testcases.HomePageTests -->
