<?xml version="1.0" encoding="UTF-8"?>
<!-- Generated by org.testng.reporters.JUnitReportReporter -->
<testsuite name="testcases.DataDriven_POI" tests="1" time="85.954" ignored="1" failures="0" timestamp="16 May 2017 22:53:22 GMT" skipped="0" hostname="Sweetie-Win10" errors="0">
  <testcase name="testSearchBoxFunctionality" time="85.954" classname="testcases.DataDriven_POI"/>
  <testcase name="testTrackOrdersFunctionality" classname="testcases.DataDriven_POI">
    <skipped/>
  </testcase> <!-- testTrackOrdersFunctionality -->
</testsuite> <!-- testcases.DataDriven_POI -->
